\BOOKMARK [1][-]{section.1}{\376\377\000I\000n\000t\000r\000o\000d\000u\000c\000t\000i\000o\000n}{}% 1
\BOOKMARK [1][-]{section.2}{\376\377\000T\000h\000e\000\040\000F\000o\000u\000r\000i\000e\000r\000\040\000T\000r\000a\000n\000s\000f\000o\000r\000m}{}% 2
\BOOKMARK [2][-]{subsection.2.1}{\376\377\000C\000o\000r\000e\000\040\000I\000n\000t\000u\000i\000t\000i\000o\000n}{section.2}% 3
\BOOKMARK [2][-]{subsection.2.2}{\376\377\000G\000e\000n\000e\000r\000a\000l\000\040\000M\000a\000t\000h\000e\000m\000a\000t\000i\000c\000a\000l\000\040\000C\000o\000n\000s\000t\000r\000u\000c\000t}{section.2}% 4
\BOOKMARK [2][-]{subsection.2.3}{\376\377\000D\000e\000f\000i\000n\000i\000t\000i\000o\000n}{section.2}% 5
\BOOKMARK [2][-]{subsection.2.4}{\376\377\000O\000r\000i\000g\000i\000n\000\040\000o\000f\000\040\000u\000n\000c\000e\000r\000t\000a\000i\000n\000t\000y}{section.2}% 6
\BOOKMARK [1][-]{section.3}{\376\377\000I\000n\000v\000e\000r\000s\000e\000\040\000F\000o\000u\000r\000i\000e\000r\000\040\000T\000r\000a\000n\000s\000f\000o\000r\000m}{}% 7
\BOOKMARK [1][-]{section.4}{\376\377\000P\000l\000a\000n\000c\000h\000e\000r\000e\000l\000'\000s\000\040\000T\000h\000e\000o\000r\000e\000m}{}% 8
\BOOKMARK [1][-]{section.5}{\376\377\000F\000o\000u\000r\000i\000e\000r\000\040\000U\000n\000c\000e\000r\000t\000a\000i\000n\000t\000y\000\040\000P\000r\000i\000n\000c\000i\000p\000l\000e}{}% 9
\BOOKMARK [2][-]{subsection.5.1}{\376\377\000Q\000u\000a\000l\000i\000t\000a\000t\000i\000v\000e\000:\000\040\000T\000h\000e\000\040\000F\000o\000u\000r\000i\000e\000r\000\040\000T\000r\000a\000d\000e\000\040\000O\000f\000f}{section.5}% 10
\BOOKMARK [2][-]{subsection.5.2}{\376\377\000Q\000u\000a\000n\000t\000i\000t\000a\000t\000i\000v\000e\000:\000\040\000T\000h\000e\000\040\000U\000n\000c\000e\000r\000t\000a\000i\000n\000t\000y\000\040\000P\000r\000i\000n\000c\000i\000p\000l\000e}{section.5}% 11
\BOOKMARK [1][-]{section.6}{\376\377\000T\000o\000w\000a\000r\000d\000s\000\040\000Q\000u\000a\000n\000t\000u\000m\000\040\000W\000o\000r\000l\000d}{}% 12
\BOOKMARK [2][-]{subsection.6.1}{\376\377\000M\000e\000c\000h\000a\000n\000i\000c\000a\000l\000\040\000a\000n\000a\000l\000o\000g\000y\000\040\000o\000f\000\040\000W\000a\000v\000e\000\040\000N\000a\000t\000u\000r\000e}{section.6}% 13
\BOOKMARK [2][-]{subsection.6.2}{\376\377\000T\000h\000e\000\040\000E\000n\000e\000r\000g\000y\000\040\000M\000o\000m\000e\000n\000t\000u\000m\000\040\000R\000e\000l\000a\000t\000i\000o\000n}{section.6}% 14
\BOOKMARK [2][-]{subsection.6.3}{\376\377\000F\000r\000o\000m\000\040\000T\000i\000m\000e\000\040\000t\000o\000\040\000S\000p\000a\000c\000e}{section.6}% 15
\BOOKMARK [2][-]{subsection.6.4}{\376\377\000F\000r\000o\000m\000\040\000F\000o\000u\000r\000i\000e\000r\000\040\000t\000o\000\040\000Q\000u\000a\000n\000t\000u\000m\000\040\000U\000n\000c\000e\000r\000t\000a\000i\000n\000t\000y\000\040\000P\000r\000i\000n\000c\000i\000p\000l\000e}{section.6}% 16
\BOOKMARK [1][-]{section.7}{\376\377\000C\000o\000n\000c\000l\000u\000s\000i\000o\000n}{}% 17
\BOOKMARK [1][-]{section.8}{\376\377\000A\000p\000p\000e\000n\000d\000i\000x}{}% 18
\BOOKMARK [2][-]{subsection.8.1}{\376\377\000F\000u\000b\000i\000n\000i\000'\000s\000\040\000T\000h\000e\000o\000r\000e\000m}{section.8}% 19
\BOOKMARK [2][-]{subsection.8.2}{\376\377\000L\000e\000i\000b\000n\000i\000z\000\040\000i\000n\000t\000e\000g\000r\000a\000l\000\040\000r\000u\000l\000e}{section.8}% 20
\BOOKMARK [2][-]{subsection.8.3}{\376\377\000D\000i\000r\000a\000c\000\040\000D\000e\000l\000t\000a\000\040\000F\000u\000n\000c\000t\000i\000o\000n}{section.8}% 21
\BOOKMARK [2][-]{subsection.8.4}{\376\377\000D\000e\000f\000i\000n\000i\000t\000e\000\040\000I\000n\000t\000e\000g\000r\000a\000l\000\040\000o\000f\000\040\000s\000i\000n\000\050\000x\000\051\000/\000x}{section.8}% 22
\BOOKMARK [2][-]{subsection.8.5}{\376\377\000D\000e\000f\000i\000n\000i\000t\000e\000\040\000I\000n\000t\000e\000g\000r\000a\000l\000\040\000o\000f\000\040\000C\000o\000m\000p\000l\000e\000x\000\040\000E\000x\000p\000o\000n\000e\000n\000t\000i\000a\000l}{section.8}% 23
